Build started 21/05/2020 4:53:45 PM.
     1>Project "C:\Users\Gabriel\Desktop\final req\final req\final req.vcxproj" on node 2 (build target(s)).
     1>InitializeBuildStatus:
         Creating "Debug\final req.unsuccessfulbuild" because "AlwaysCreate" was specified.
       ClCompile:
         c:\Program Files (x86)\Microsoft Visual Studio 10.0\VC\bin\CL.exe /c /ZI /nologo /W3 /WX- /Od /Oy- /D _MBCS /Gm /EHsc /RTC1 /MDd /GS /fp:precise /Zc:wchar_t /Zc:forScope /Fo"Debug\\" /Fd"Debug\vc100.pdb" /Gd /TP /analyze- /errorReport:prompt "final req.cpp"
         final req.cpp
     1>c:\users\gabriel\desktop\final req\final req\final req.cpp(320): warning C4244: '=' : conversion from 'double' to 'int', possible loss of data
     1>c:\users\gabriel\desktop\final req\final req\final req.cpp(330): warning C4101: 'y' : unreferenced local variable
     1>c:\users\gabriel\desktop\final req\final req\final req.cpp(330): warning C4101: 'n' : unreferenced local variable
       Link:
         c:\Program Files (x86)\Microsoft Visual Studio 10.0\VC\bin\link.exe /ERRORREPORT:PROMPT /OUT:"C:\Users\Gabriel\Desktop\final req\Debug\final req.exe" /NOLOGO kernel32.lib user32.lib gdi32.lib winspool.lib comdlg32.lib advapi32.lib shell32.lib ole32.lib oleaut32.lib uuid.lib odbc32.lib odbccp32.lib /MANIFEST /ManifestFile:"Debug\final req.exe.intermediate.manifest" /MANIFESTUAC:"level='asInvoker' uiAccess='false'" /DEBUG /PDB:"C:\Users\Gabriel\Desktop\final req\Debug\final req.pdb" /TLBID:1 /DYNAMICBASE /NXCOMPAT /IMPLIB:"C:\Users\Gabriel\Desktop\final req\Debug\final req.lib" /MACHINE:X86 "Debug\final req.obj"
         LINK : C:\Users\Gabriel\Desktop\final req\Debug\final req.exe not found or not built by the last incremental link; performing full link
         final req.vcxproj -> C:\Users\Gabriel\Desktop\final req\Debug\final req.exe
       Manifest:
         c:\Program Files (x86)\Microsoft SDKs\Windows\v7.0A\bin\mt.exe /nologo /verbose /outputresource:"C:\Users\Gabriel\Desktop\final req\Debug\final req.exe;#1" /manifest "Debug\final req.exe.intermediate.manifest"
       FinalizeBuildStatus:
         Deleting file "Debug\final req.unsuccessfulbuild".
         Touching "Debug\final req.lastbuildstate".
     1>Done Building Project "C:\Users\Gabriel\Desktop\final req\final req\final req.vcxproj" (build target(s)).

Build succeeded.

Time Elapsed 00:00:15.83
